<component name="libraryTable">
  <library name="junit-4.12">
    <CLASSES>
      <root url="jar://$PROJECT_DIR$/League of Legends/web/WEB-INF/lib/junit-4.12.jar!/" />
      <root url="jar://$PROJECT_DIR$/../Backup/桌面/mysql/junit-4.12.jar!/" />
    </CLASSES>
    <JAVADOC />
    <SOURCES />
  </library>
</component>